android/app/build/outputs/logs/manifest-merger-debug-report.txt
-- Merging decision tree log ---
manifest
ADDED from src\main\AndroidManifest.xml:1:1-64:12
INJECTED from src\main\AndroidManifest.xml:1:1-64:12
INJECTED from src\main\AndroidManifest.xml:1:1-64:12
INJECTED from src\main\AndroidManifest.xml:1:1-64:12
MERGED from src\main\AndroidManifest.xml:1:1-64:12
MERGED from [:firebase_auth] AndroidManifest.xml:2:1-15:12
MERGED from [:firebase_core] AndroidManifest.xml:2:1-15:12
MERGED from [:image_picker] AndroidManifest.xml:2:1-19:12
MERGED from [:flutter_plugin_android_lifecycle] AndroidManifest.xml:2:1-7:12
MERGED from [:sqflite] AndroidManifest.xml:2:1-7:12
MERGED from [:url_launcher_android] AndroidManifest.xml:2:1-14:12
MERGED from [:path_provider_android] AndroidManifest.xml:2:1-7:12
MERGED from [:flutter_facebook_auth] AndroidManifest.xml:2:1-7:12
MERGED from [:wakelock] AndroidManifest.xml:2:1-7:12
MERGED from [:shared_preferences_android] AndroidManifest.xml:2:1-7:12
MERGED from [:jitsi_meet] AndroidManifest.xml:2:1-19:12
MERGED from [:video_player] AndroidManifest.xml:2:1-7:12
MERGED from [:advance_pdf_viewer] AndroidManifest.xml:2:1-7:12
MERGED from [:google_sign_in] AndroidManifest.xml:2:1-9:12
MERGED from [com.facebook.android:facebook-login:12.2.0] AndroidManifest.xml:21:1-31:12
MERGED from [com.facebook.android:facebook-common:12.2.0] AndroidManifest.xml:21:1-52:12
MERGED from [com.facebook.android:facebook-core:12.2.0] AndroidManifest.xml:21:1-60:12
MERGED from [com.google.firebase:firebase-auth:21.0.1] AndroidManifest.xml:17:1-83:12
MERGED from [com.google.firebase:firebase-auth-interop:20.0.0] AndroidManifest.xml:2:1-10:12
MERGED from [com.google.firebase:firebase-common:20.0.0] AndroidManifest.xml:15:1-40:12
MERGED from [androidx.exifinterface:exifinterface:1.3.0] AndroidManifest.xml:17:1-24:12
MERGED from [com.google.android.exoplayer:exoplayer-hls:2.14.1] AndroidManifest.xml:17:1-24:12
MERGED from [com.google.android.exoplayer:exoplayer-dash:2.14.1] AndroidManifest.xml:17:1-24:12
MERGED from [com.google.android.exoplayer:exoplayer-smoothstreaming:2.14.1] AndroidManifest.xml:17:1-24:12
MERGED from [com.google.android.exoplayer:exoplayer-core:2.14.1] AndroidManifest.xml:17:1-26:12
MERGED from [org.jitsi.react:jitsi-meet-sdk:3.3.0] AndroidManifest.xml:2:1-64:12
MERGED from [com.facebook.react:react-native-device-info:8.0.0-jitsi-7097494] AndroidManifest.xml:2:1-11:12
MERGED from [com.facebook.react:react-native-google-signin:3.0.1-jitsi-7097494] AndroidManifest.xml:2:1-11:12
MERGED from [com.facebook.react:react-native-async-storage:1.13.2-jitsi-7097494] AndroidManifest.xml:2:1-9:12
MERGED from [com.facebook.react:react-native-background-timer:2.4.0-jitsi-7097494] AndroidManifest.xml:2:1-13:12
MERGED from [com.facebook.react:react-native-calendar-events:2.0.0-jitsi-7097494] AndroidManifest.xml:2:1-14:12
MERGED from [com.facebook.react:react-native-community_netinfo:4.1.5-jitsi-7097494] AndroidManifest.xml:2:1-11:12
MERGED from [com.facebook.react:react-native-default-preference:1.4.2-jitsi-7097494] AndroidManifest.xml:2:1-11:12
MERGED from [com.facebook.react:react-native-immersive:2.0.0-jitsi-7097494] AndroidManifest.xml:2:1-11:12
MERGED from [com.facebook.react:react-native-keep-awake:4.0.0-jitsi-7097494] AndroidManifest.xml:2:1-11:12
MERGED from [com.facebook.react:react-native-sound:0.11.0-jitsi-7097494] AndroidManifest.xml:2:1-12:12
MERGED from [com.facebook.react:react-native-svg:12.1.0-jitsi-7097494] AndroidManifest.xml:2:1-9:12
MERGED from [com.facebook.react:react-native-webrtc:1.89.1-jitsi-7097494] AndroidManifest.xml:2:1-11:12
MERGED from [com.facebook.react:react-native-webview:11.0.2-jitsi-7097494] AndroidManifest.xml:2:1-23:12
MERGED from [com.facebook.react:react-native-splash-screen:3.2.0-jitsi-7097494] AndroidManifest.xml:2:1-14:12
MERGED from [com.facebook.react:react-native:0.61.5-jitsi.2] AndroidManifest.xml:2:1-13:12
MERGED from [androidx.appcompat:appcompat:1.2.0] AndroidManifest.xml:17:1-24:12
MERGED from [androidx.legacy:legacy-support-v4:1.0.0] AndroidManifest.xml:17:1-22:12
MERGED from [androidx.browser:browser:1.0.0] AndroidManifest.xml:17:1-22:12
MERGED from [androidx.legacy:legacy-support-core-ui:1.0.0] AndroidManifest.xml:17:1-22:12
MERGED from [com.google.android.gms:play-services-iid:17.0.0] AndroidManifest.xml:17:1-28:12
MERGED from [com.google.android.gms:play-services-stats:17.0.0] AndroidManifest.xml:2:1-9:12
MERGED from [androidx.legacy:legacy-support-core-utils:1.0.0] AndroidManifest.xml:17:1-22:12
MERGED from [androidx.localbroadcastmanager:localbroadcastmanager:1.0.0] AndroidManifest.xml:17:1-22:12
MERGED from [androidx.swiperefreshlayout:swiperefreshlayout:1.1.0] AndroidManifest.xml:17:1-24:12
MERGED from [com.google.android.exoplayer:exoplayer-extractor:2.14.1] AndroidManifest.xml:17:1-24:12
MERGED from [com.google.android.exoplayer:exoplayer-common:2.14.1] AndroidManifest.xml:17:1-26:12
MERGED from [com.google.firebase:firebase-components:17.0.0] AndroidManifest.xml:15:1-23:12
MERGED from [androidx.core:core-ktx:1.3.2] AndroidManifest.xml:2:1-9:12
MERGED from [com.google.android.gms:play-services-auth:17.0.0] AndroidManifest.xml:17:1-39:12
MERGED from [com.google.android.gms:play-services-auth-api-phone:17.4.0] AndroidManifest.xml:2:1-7:12
MERGED from [com.google.android.gms:play-services-safetynet:17.0.0] AndroidManifest.xml:17:1-24:12
MERGED from [com.google.android.gms:play-services-auth-base:17.0.0] AndroidManifest.xml:2:1-7:12
MERGED from [com.google.android.gms:play-services-base:17.1.0] AndroidManifest.xml:17:1-29:12
MERGED from [com.google.android.gms:play-services-tasks:17.0.0] AndroidManifest.xml:2:1-9:12
MERGED from [com.google.android.gms:play-services-basement:17.1.0] AndroidManifest.xml:17:1-28:12
MERGED from [androidx.fragment:fragment:1.3.0] AndroidManifest.xml:17:1-24:12
MERGED from [androidx.cardview:cardview:1.0.0] AndroidManifest.xml:17:1-22:12
MERGED from [androidx.activity:activity:1.2.0] AndroidManifest.xml:17:1-24:12
MERGED from [androidx.cursoradapter:cursoradapter:1.0.0] AndroidManifest.xml:17:1-22:12
MERGED from [androidx.appcompat:appcompat-resources:1.2.0] AndroidManifest.xml:17:1-24:12
MERGED from [androidx.drawerlayout:drawerlayout:1.0.0] AndroidManifest.xml:17:1-22:12
MERGED from [androidx.vectordrawable:vectordrawable-animated:1.1.0] AndroidManifest.xml:17:1-24:12
MERGED from [androidx.interpolator:interpolator:1.0.0] AndroidManifest.xml:17:1-22:12
MERGED from [androidx.documentfile:documentfile:1.0.0] AndroidManifest.xml:17:1-22:12
MERGED from [androidx.loader:loader:1.0.0] AndroidManifest.xml:17:1-22:12
MERGED from [androidx.print:print:1.0.0] AndroidManifest.xml:17:1-22:12
MERGED from [androidx.viewpager:viewpager:1.0.0] AndroidManifest.xml:17:1-22:12
MERGED from [androidx.media:media:1.0.0] AndroidManifest.xml:17:1-22:12
MERGED from [androidx.vectordrawable:vectordrawable:1.1.0] AndroidManifest.xml:17:1-24:12
MERGED from [androidx.coordinatorlayout:coordinatorlayout:1.0.0] AndroidManifest.xml:17:1-22:12
MERGED from [androidx.slidingpanelayout:slidingpanelayout:1.0.0] AndroidManifest.xml:17:1-22:12
MERGED from [androidx.customview:customview:1.0.0] AndroidManifest.xml:17:1-22:12
MERGED from [androidx.asynclayoutinflater:asynclayoutinflater:1.0.0] AndroidManifest.xml:17:1-22:12
MERGED from [androidx.core:core:1.3.2] AndroidManifest.xml:17:1-26:12
MERGED from [androidx.versionedparcelable:versionedparcelable:1.1.0] AndroidManifest.xml:17:1-27:12
MERGED from [androidx.lifecycle:lifecycle-viewmodel-savedstate:2.3.0] AndroidManifest.xml:17:1-24:12
MERGED from [androidx.lifecycle:lifecycle-viewmodel:2.3.0] AndroidManifest.xml:17:1-24:12
MERGED from [androidx.savedstate:savedstate:1.1.0] AndroidManifest.xml:17:1-24:12
MERGED from [androidx.lifecycle:lifecycle-runtime:2.3.0] AndroidManifest.xml:17:1-24:12
MERGED from [androidx.tracing:tracing:1.0.0] AndroidManifest.xml:17:1-24:12
MERGED from [androidx.lifecycle:lifecycle-livedata:2.0.0] AndroidManifest.xml:17:1-22:12
MERGED from [androidx.lifecycle:lifecycle-livedata-core:2.3.0] AndroidManifest.xml:17:1-24:12
MERGED from [androidx.arch.core:core-runtime:2.1.0] AndroidManifest.xml:17:1-24:12
MERGED from [org.webkit:android-jsc:r245459] AndroidManifest.xml:2:1-11:12
MERGED from [com.jakewharton.timber:timber:4.7.1] AndroidManifest.xml:2:1-9:12
MERGED from [com.squareup.duktape:duktape-android:1.3.0] AndroidManifest.xml:2:1-14:12
MERGED from [com.android.installreferrer:installreferrer:1.1.2] AndroidManifest.xml:2:1-13:12
MERGED from [com.facebook.fresco:fresco:2.0.0] AndroidManifest.xml:2:1-9:12
MERGED from [com.facebook.fresco:imagepipeline-okhttp3:2.0.0] AndroidManifest.xml:2:1-9:12
MERGED from [com.facebook.fresco:drawee:2.0.0] AndroidManifest.xml:2:1-9:12
MERGED from [com.facebook.fresco:nativeimagefilters:2.0.0] AndroidManifest.xml:2:1-9:12
MERGED from [com.facebook.fresco:imagepipeline:2.0.0] AndroidManifest.xml:2:1-9:12
MERGED from [com.facebook.fresco:nativeimagetranscoder:2.0.0] AndroidManifest.xml:2:1-9:12
MERGED from [com.facebook.fresco:imagepipeline-base:2.0.0] AndroidManifest.xml:2:1-9:12
MERGED from [com.facebook.soloader:soloader:0.6.0] AndroidManifest.xml:2:1-13:12
MERGED from [androidx.annotation:annotation-experimental:1.0.0] AndroidManifest.xml:17:1-24:12
MERGED from [com.facebook.fresco:fbcore:2.0.0] AndroidManifest.xml:2:1-9:12
INJECTED from src\debug\AndroidManifest.xml:1:1-7:12
INJECTED from src\debug\AndroidManifest.xml:1:1-7:12
INJECTED from src\debug\AndroidManifest.xml:1:1-7:12
	package
		ADDED from src\main\AndroidManifest.xml:2:5-42
		INJECTED from src\main\AndroidManifest.xml
		INJECTED from src\debug\AndroidManifest.xml
	android:versionName
		INJECTED from src\main\AndroidManifest.xml
		ADDED from src\main\AndroidManifest.xml:1:1-64:12
		INJECTED from src\debug\AndroidManifest.xml
	xmlns:tools
		ADDED from src\main\AndroidManifest.xml:3:5-51
		ADDED from src\main\AndroidManifest.xml:3:5-51
	android:versionCode
		INJECTED from src\main\AndroidManifest.xml
		ADDED from src\main\AndroidManifest.xml:1:1-64:12
		INJECTED from src\debug\AndroidManifest.xml
	xmlns:android
		ADDED from src\main\AndroidManifest.xml:1:11-69
application
ADDED from src\main\AndroidManifest.xml:4:4-59:19
MERGED from [:firebase_auth] AndroidManifest.xml:7:5-13:19
MERGED from [:firebase_auth] AndroidManifest.xml:7:5-13:19
MERGED from [:firebase_core] AndroidManifest.xml:7:5-13:19
MERGED from [:firebase_core] AndroidManifest.xml:7:5-13:19
MERGED from [:image_picker] AndroidManifest.xml:7:5-17:19
MERGED from [:image_picker] AndroidManifest.xml:7:5-17:19
MERGED from [:url_launcher_android] AndroidManifest.xml:7:5-12:19
MERGED from [:url_launcher_android] AndroidManifest.xml:7:5-12:19
MERGED from [:jitsi_meet] AndroidManifest.xml:7:5-17:19
MERGED from [:jitsi_meet] AndroidManifest.xml:7:5-17:19
MERGED from [com.facebook.android:facebook-login:12.2.0] AndroidManifest.xml:28:5-29:19
MERGED from [com.facebook.android:facebook-login:12.2.0] AndroidManifest.xml:28:5-29:19
MERGED from [com.facebook.android:facebook-common:12.2.0] AndroidManifest.xml:29:5-50:19
MERGED from [com.facebook.android:facebook-common:12.2.0] AndroidManifest.xml:29:5-50:19
MERGED from [com.facebook.android:facebook-core:12.2.0] AndroidManifest.xml:28:5-58:19
MERGED from [com.facebook.android:facebook-core:12.2.0] AndroidManifest.xml:28:5-58:19
MERGED from [com.google.firebase:firebase-auth:21.0.1] AndroidManifest.xml:26:5-81:19
MERGED from [com.google.firebase:firebase-auth:21.0.1] AndroidManifest.xml:26:5-81:19
MERGED from [com.google.firebase:firebase-auth-interop:20.0.0] AndroidManifest.xml:7:5-8:19
MERGED from [com.google.firebase:firebase-auth-interop:20.0.0] AndroidManifest.xml:7:5-8:19
MERGED from [com.google.firebase:firebase-common:20.0.0] AndroidManifest.xml:25:5-38:19
MERGED from [com.google.firebase:firebase-common:20.0.0] AndroidManifest.xml:25:5-38:19
MERGED from [org.jitsi.react:jitsi-meet-sdk:3.3.0] AndroidManifest.xml:32:5-62:19
MERGED from [org.jitsi.react:jitsi-meet-sdk:3.3.0] AndroidManifest.xml:32:5-62:19
MERGED from [com.facebook.react:react-native-webview:11.0.2-jitsi-7097494] AndroidManifest.xml:11:5-21:19
MERGED from [com.facebook.react:react-native-webview:11.0.2-jitsi-7097494] AndroidManifest.xml:11:5-21:19
MERGED from [com.facebook.react:react-native-splash-screen:3.2.0-jitsi-7097494] AndroidManifest.xml:11:5-12:19
MERGED from [com.facebook.react:react-native-splash-screen:3.2.0-jitsi-7097494] AndroidManifest.xml:11:5-12:19
MERGED from [com.facebook.react:react-native:0.61.5-jitsi.2] AndroidManifest.xml:11:5-20
MERGED from [com.facebook.react:react-native:0.61.5-jitsi.2] AndroidManifest.xml:11:5-20
MERGED from [com.google.android.gms:play-services-iid:17.0.0] AndroidManifest.xml:26:5-20
MERGED from [com.google.android.gms:play-services-iid:17.0.0] AndroidManifest.xml:26:5-20
MERGED from [com.google.android.gms:play-services-stats:17.0.0] AndroidManifest.xml:7:5-20
MERGED from [com.google.android.gms:play-services-stats:17.0.0] AndroidManifest.xml:7:5-20
MERGED from [com.google.android.gms:play-services-auth:17.0.0] AndroidManifest.xml:22:5-37:19
MERGED from [com.google.android.gms:play-services-auth:17.0.0] AndroidManifest.xml:22:5-37:19
MERGED from [com.google.android.gms:play-services-safetynet:17.0.0] AndroidManifest.xml:22:5-20
MERGED from [com.google.android.gms:play-services-safetynet:17.0.0] AndroidManifest.xml:22:5-20
MERGED from [com.google.android.gms:play-services-base:17.1.0] AndroidManifest.xml:22:5-27:19
MERGED from [com.google.android.gms:play-services-base:17.1.0] AndroidManifest.xml:22:5-27:19
MERGED from [com.google.android.gms:play-services-tasks:17.0.0] AndroidManifest.xml:7:5-20
MERGED from [com.google.android.gms:play-services-tasks:17.0.0] AndroidManifest.xml:7:5-20
MERGED from [com.google.android.gms:play-services-basement:17.1.0] AndroidManifest.xml:22:5-26:19
MERGED from [com.google.android.gms:play-services-basement:17.1.0] AndroidManifest.xml:22:5-26:19
MERGED from [androidx.core:core:1.3.2] AndroidManifest.xml:24:5-89
MERGED from [androidx.core:core:1.3.2] AndroidManifest.xml:24:5-89
MERGED from [androidx.versionedparcelable:versionedparcelable:1.1.0] AndroidManifest.xml:24:5-25:19
MERGED from [androidx.versionedparcelable:versionedparcelable:1.1.0] AndroidManifest.xml:24:5-25:19
MERGED from [com.jakewharton.timber:timber:4.7.1] AndroidManifest.xml:7:5-20
MERGED from [com.jakewharton.timber:timber:4.7.1] AndroidManifest.xml:7:5-20
MERGED from [com.squareup.duktape:duktape-android:1.3.0] AndroidManifest.xml:12:5-20
MERGED from [com.squareup.duktape:duktape-android:1.3.0] AndroidManifest.xml:12:5-20
MERGED from [com.android.installreferrer:installreferrer:1.1.2] AndroidManifest.xml:11:5-20
MERGED from [com.android.installreferrer:installreferrer:1.1.2] AndroidManifest.xml:11:5-20
MERGED from [com.facebook.soloader:soloader:0.6.0] AndroidManifest.xml:11:5-20
MERGED from [com.facebook.soloader:soloader:0.6.0] AndroidManifest.xml:11:5-20
	android:appComponentFactory
		ADDED from [androidx.core:core:1.3.2] AndroidManifest.xml:24:18-86
	android:supportsRtl
		ADDED from [com.facebook.android:facebook-login:12.2.0] AndroidManifest.xml:28:18-44
	android:label
		ADDED from src\main\AndroidManifest.xml:6:9-40
		REJECTED from [org.jitsi.react:jitsi-meet-sdk:3.3.0] AndroidManifest.xml:34:9-41
		REJECTED from [com.facebook.react:react-native-splash-screen:3.2.0-jitsi-7097494] AndroidManifest.xml:11:18-50
	android:allowBackup
		ADDED from [org.jitsi.react:jitsi-meet-sdk:3.3.0] AndroidManifest.xml:33:9-35
	android:icon
		ADDED from src\main\AndroidManifest.xml:8:9-43
	tools:replace
		ADDED from src\main\AndroidManifest.xml:5:9-38
	android:usesCleartextTraffic
		ADDED from src\main\AndroidManifest.xml:7:9-44
activity#com.example.lettutor_mobile.MainActivity
ADDED from src\main\AndroidManifest.xml:9:9-37:20
	android:launchMode
		ADDED from src\main\AndroidManifest.xml:11:13-43
	android:hardwareAccelerated
		ADDED from src\main\AndroidManifest.xml:14:13-47
	android:windowSoftInputMode
		ADDED from src\main\AndroidManifest.xml:15:13-55
	android:configChanges
		ADDED from src\main\AndroidManifest.xml:13:13-163
	android:theme
		ADDED from src\main\AndroidManifest.xml:12:13-47
	android:name
		ADDED from src\main\AndroidManifest.xml:10:13-41
meta-data#io.flutter.embedding.android.NormalTheme
ADDED from src\main\AndroidManifest.xml:20:13-23:17
	android:resource
		ADDED from src\main\AndroidManifest.xml:22:15-52
	android:name
		ADDED from src\main\AndroidManifest.xml:21:15-70
meta-data#io.flutter.embedding.android.SplashScreenDrawable
ADDED from src\main\AndroidManifest.xml:29:13-32:17
	android:resource
		ADDED from src\main\AndroidManifest.xml:31:15-61
	android:name
		ADDED from src\main\AndroidManifest.xml:30:15-79
intent-filter#action:name:android.intent.action.MAIN+category:name:android.intent.category.LAUNCHER
ADDED from src\main\AndroidManifest.xml:33:13-36:29
action#android.intent.action.MAIN
ADDED from src\main\AndroidManifest.xml:34:17-68
	android:name
		ADDED from src\main\AndroidManifest.xml:34:25-66
category#android.intent.category.LAUNCHER
ADDED from src\main\AndroidManifest.xml:35:17-76
	android:name
		ADDED from src\main\AndroidManifest.xml:35:27-74
meta-data#flutterEmbedding
ADDED from src\main\AndroidManifest.xml:40:9-42:33
	android:value
		ADDED from src\main\AndroidManifest.xml:42:13-30
	android:name
		ADDED from src\main\AndroidManifest.xml:41:13-44
meta-data#com.facebook.sdk.ApplicationId
ADDED from src\main\AndroidManifest.xml:44:9-107
	android:value
		ADDED from src\main\AndroidManifest.xml:44:66-105
	android:name
		ADDED from src\main\AndroidManifest.xml:44:20-65
activity#com.facebook.FacebookActivity
ADDED from src\main\AndroidManifest.xml:45:9-48:46
MERGED from [com.facebook.android:facebook-common:12.2.0] AndroidManifest.xml:30:9-33:66
MERGED from [com.facebook.android:facebook-common:12.2.0] AndroidManifest.xml:30:9-33:66
	android:label
		ADDED from src\main\AndroidManifest.xml:48:11-43
	android:configChanges
		ADDED from src\main\AndroidManifest.xml:47:11-95
	android:theme
		ADDED from [com.facebook.android:facebook-common:12.2.0] AndroidManifest.xml:33:13-63
	android:name
		ADDED from src\main\AndroidManifest.xml:46:11-55
activity#com.facebook.CustomTabActivity
ADDED from src\main\AndroidManifest.xml:49:9-58:20
MERGED from [com.facebook.android:facebook-common:12.2.0] AndroidManifest.xml:35:9-49:20
MERGED from [com.facebook.android:facebook-common:12.2.0] AndroidManifest.xml:35:9-49:20
	tools:node
		ADDED from [com.facebook.android:facebook-common:12.2.0] AndroidManifest.xml:38:13-31
	android:exported
		ADDED from src\main\AndroidManifest.xml:51:11-34
	android:name
		ADDED from src\main\AndroidManifest.xml:50:11-56
intent-filter#action:name:android.intent.action.VIEW+category:name:android.intent.category.BROWSABLE+category:name:android.intent.category.DEFAULT+data:scheme:@string/fb_login_protocol_scheme
ADDED from src\main\AndroidManifest.xml:52:11-57:27
action#android.intent.action.VIEW
ADDED from src\main\AndroidManifest.xml:53:13-65
	android:name
		ADDED from src\main\AndroidManifest.xml:53:21-62
category#android.intent.category.DEFAULT
ADDED from src\main\AndroidManifest.xml:54:13-72
	android:name
		ADDED from src\main\AndroidManifest.xml:54:23-69
category#android.intent.category.BROWSABLE
ADDED from src\main\AndroidManifest.xml:55:13-74
	android:name
		ADDED from src\main\AndroidManifest.xml:55:23-71
data
ADDED from src\main\AndroidManifest.xml:56:13-71
	android:scheme
		ADDED from src\main\AndroidManifest.xml:56:19-68
uses-permission#android.permission.INTERNET
ADDED from src\main\AndroidManifest.xml:60:5-66
MERGED from src\main\AndroidManifest.xml:60:5-66
MERGED from src\main\AndroidManifest.xml:60:5-66
MERGED from [:google_sign_in] AndroidManifest.xml:7:5-67
MERGED from [:google_sign_in] AndroidManifest.xml:7:5-67
MERGED from [com.google.firebase:firebase-auth:21.0.1] AndroidManifest.xml:23:5-67
MERGED from [com.google.firebase:firebase-auth:21.0.1] AndroidManifest.xml:23:5-67
MERGED from [org.jitsi.react:jitsi-meet-sdk:3.3.0] AndroidManifest.xml:13:5-67
MERGED from [org.jitsi.react:jitsi-meet-sdk:3.3.0] AndroidManifest.xml:13:5-67
MERGED from [com.google.android.gms:play-services-iid:17.0.0] AndroidManifest.xml:24:5-67
MERGED from [com.google.android.gms:play-services-iid:17.0.0] AndroidManifest.xml:24:5-67
	android:name
		ADDED from src\main\AndroidManifest.xml:60:22-64
queries
ADDED from src\main\AndroidManifest.xml:61:5-63:15
provider
ADDED from src\main\AndroidManifest.xml:62:9-89
	android:authorities
		ADDED from src\main\AndroidManifest.xml:62:19-86
uses-sdk
INJECTED from src\main\AndroidManifest.xml reason: use-sdk injection requested
INJECTED from src\main\AndroidManifest.xml
INJECTED from src\main\AndroidManifest.xml
MERGED from [:firebase_auth] AndroidManifest.xml:5:5-44
MERGED from [:firebase_auth] AndroidManifest.xml:5:5-44
MERGED from [:firebase_core] AndroidManifest.xml:5:5-44
MERGED from [:firebase_core] AndroidManifest.xml:5:5-44
MERGED from [:image_picker] AndroidManifest.xml:5:5-44
MERGED from [:image_picker] AndroidManifest.xml:5:5-44
MERGED from [:flutter_plugin_android_lifecycle] AndroidManifest.xml:5:5-44
MERGED from [:flutter_plugin_android_lifecycle] AndroidManifest.xml:5:5-44
MERGED from [:sqflite] AndroidManifest.xml:5:5-44
MERGED from [:sqflite] AndroidManifest.xml:5:5-44
MERGED from [:url_launcher_android] AndroidManifest.xml:5:5-44
MERGED from [:url_launcher_android] AndroidManifest.xml:5:5-44
MERGED from [:path_provider_android] AndroidManifest.xml:5:5-44
MERGED from [:path_provider_android] AndroidManifest.xml:5:5-44
MERGED from [:flutter_facebook_auth] AndroidManifest.xml:5:5-44
MERGED from [:flutter_facebook_auth] AndroidManifest.xml:5:5-44
MERGED from [:wakelock] AndroidManifest.xml:5:5-44
MERGED from [:wakelock] AndroidManifest.xml:5:5-44
MERGED from [:shared_preferences_android] AndroidManifest.xml:5:5-44
MERGED from [:shared_preferences_android] AndroidManifest.xml:5:5-44
MERGED from [:jitsi_meet] AndroidManifest.xml:5:5-44
MERGED from [:jitsi_meet] AndroidManifest.xml:5:5-44
MERGED from [:video_player] AndroidManifest.xml:5:5-44
MERGED from [:video_player] AndroidManifest.xml:5:5-44
MERGED from [:advance_pdf_viewer] AndroidManifest.xml:5:5-44
MERGED from [:advance_pdf_viewer] AndroidManifest.xml:5:5-44
MERGED from [:google_sign_in] AndroidManifest.xml:5:5-44
MERGED from [:google_sign_in] AndroidManifest.xml:5:5-44
MERGED from [com.facebook.android:facebook-login:12.2.0] AndroidManifest.xml:24:5-26:41
MERGED from [com.facebook.android:facebook-login:12.2.0] AndroidManifest.xml:24:5-26:41
MERGED from [com.facebook.android:facebook-common:12.2.0] AndroidManifest.xml:25:5-27:41
MERGED from [com.facebook.android:facebook-common:12.2.0] AndroidManifest.xml:25:5-27:41
MERGED from [com.facebook.android:facebook-core:12.2.0] AndroidManifest.xml:24:5-26:41
MERGED from [com.facebook.android:facebook-core:12.2.0] AndroidManifest.xml:24:5-26:41
MERGED from [com.google.firebase:firebase-auth:21.0.1] AndroidManifest.xml:21:5-44
MERGED from [com.google.firebase:firebase-auth:21.0.1] AndroidManifest.xml:21:5-44
MERGED from [com.google.firebase:firebase-auth-interop:20.0.0] AndroidManifest.xml:5:5-44
MERGED from [com.google.firebase:firebase-auth-interop:20.0.0] AndroidManifest.xml:5:5-44
MERGED from [com.google.firebase:firebase-common:20.0.0] AndroidManifest.xml:20:5-22:41
MERGED from [com.google.firebase:firebase-common:20.0.0] AndroidManifest.xml:20:5-22:41
MERGED from [androidx.exifinterface:exifinterface:1.3.0] AndroidManifest.xml:20:5-22:41
MERGED from [androidx.exifinterface:exifinterface:1.3.0] AndroidManifest.xml:20:5-22:41
MERGED from [com.google.android.exoplayer:exoplayer-hls:2.14.1] AndroidManifest.xml:20:5-22:41
MERGED from [com.google.android.exoplayer:exoplayer-hls:2.14.1] AndroidManifest.xml:20:5-22:41
MERGED from [com.google.android.exoplayer:exoplayer-dash:2.14.1] AndroidManifest.xml:20:5-22:41
MERGED from [com.google.android.exoplayer:exoplayer-dash:2.14.1] AndroidManifest.xml:20:5-22:41
MERGED from [com.google.android.exoplayer:exoplayer-smoothstreaming:2.14.1] AndroidManifest.xml:20:5-22:41
MERGED from [com.google.android.exoplayer:exoplayer-smoothstreaming:2.14.1] AndroidManifest.xml:20:5-22:41
MERGED from [com.google.android.exoplayer:exoplayer-core:2.14.1] AndroidManifest.xml:20:5-22:41
MERGED from [com.google.android.exoplayer:exoplayer-core:2.14.1] AndroidManifest.xml:20:5-22:41
MERGED from [org.jitsi.react:jitsi-meet-sdk:3.3.0] AndroidManifest.xml:6:5-8:41
MERGED from [org.jitsi.react:jitsi-meet-sdk:3.3.0] AndroidManifest.xml:6:5-8:41
MERGED from [com.facebook.react:react-native-device-info:8.0.0-jitsi-7097494] AndroidManifest.xml:7:5-9:41
MERGED from [com.facebook.react:react-native-device-info:8.0.0-jitsi-7097494] AndroidManifest.xml:7:5-9:41
MERGED from [com.facebook.react:react-native-google-signin:3.0.1-jitsi-7097494] AndroidManifest.xml:7:5-9:41
MERGED from [com.facebook.react:react-native-google-signin:3.0.1-jitsi-7097494] AndroidManifest.xml:7:5-9:41
MERGED from [com.facebook.react:react-native-async-storage:1.13.2-jitsi-7097494] AndroidManifest.xml:5:5-7:41
MERGED from [com.facebook.react:react-native-async-storage:1.13.2-jitsi-7097494] AndroidManifest.xml:5:5-7:41
MERGED from [com.facebook.react:react-native-background-timer:2.4.0-jitsi-7097494] AndroidManifest.xml:7:5-9:41
MERGED from [com.facebook.react:react-native-background-timer:2.4.0-jitsi-7097494] AndroidManifest.xml:7:5-9:41
MERGED from [com.facebook.react:react-native-calendar-events:2.0.0-jitsi-7097494] AndroidManifest.xml:7:5-9:41
MERGED from [com.facebook.react:react-native-calendar-events:2.0.0-jitsi-7097494] AndroidManifest.xml:7:5-9:41
MERGED from [com.facebook.react:react-native-community_netinfo:4.1.5-jitsi-7097494] AndroidManifest.xml:5:5-7:41
MERGED from [com.facebook.react:react-native-community_netinfo:4.1.5-jitsi-7097494] AndroidManifest.xml:5:5-7:41
MERGED from [com.facebook.react:react-native-default-preference:1.4.2-jitsi-7097494] AndroidManifest.xml:7:5-9:41
MERGED from [com.facebook.react:react-native-default-preference:1.4.2-jitsi-7097494] AndroidManifest.xml:7:5-9:41
MERGED from [com.facebook.react:react-native-immersive:2.0.0-jitsi-7097494] AndroidManifest.xml:7:5-9:41
MERGED from [com.facebook.react:react-native-immersive:2.0.0-jitsi-7097494] AndroidManifest.xml:7:5-9:41
MERGED from [com.facebook.react:react-native-keep-awake:4.0.0-jitsi-7097494] AndroidManifest.xml:7:5-9:41
MERGED from [com.facebook.react:react-native-keep-awake:4.0.0-jitsi-7097494] AndroidManifest.xml:7:5-9:41
MERGED from [com.facebook.react:react-native-sound:0.11.0-jitsi-7097494] AndroidManifest.xml:8:5-10:41
MERGED from [com.facebook.react:react-native-sound:0.11.0-jitsi-7097494] AndroidManifest.xml:8:5-10:41
MERGED from [com.facebook.react:react-native-svg:12.1.0-jitsi-7097494] AndroidManifest.xml:5:5-7:41
MERGED from [com.facebook.react:react-native-svg:12.1.0-jitsi-7097494] AndroidManifest.xml:5:5-7:41
MERGED from [com.facebook.react:react-native-webrtc:1.89.1-jitsi-7097494] AndroidManifest.xml:7:5-9:41
MERGED from [com.facebook.react:react-native-webrtc:1.89.1-jitsi-7097494] AndroidManifest.xml:7:5-9:41
MERGED from [com.facebook.react:react-native-webview:11.0.2-jitsi-7097494] AndroidManifest.xml:7:5-9:41
MERGED from [com.facebook.react:react-native-webview:11.0.2-jitsi-7097494] AndroidManifest.xml:7:5-9:41
MERGED from [com.facebook.react:react-native-splash-screen:3.2.0-jitsi-7097494] AndroidManifest.xml:7:5-9:41
MERGED from [com.facebook.react:react-native-splash-screen:3.2.0-jitsi-7097494] AndroidManifest.xml:7:5-9:41
MERGED from [com.facebook.react:react-native:0.61.5-jitsi.2] AndroidManifest.xml:7:5-9:41
MERGED from [com.facebook.react:react-native:0.61.5-jitsi.2] AndroidManifest.xml:7:5-9:41
MERGED from [androidx.appcompat:appcompat:1.2.0] AndroidManifest.xml:20:5-22:41
MERGED from [androidx.appcompat:appcompat:1.2.0] AndroidManifest.xml:20:5-22:41
MERGED from [androidx.legacy:legacy-support-v4:1.0.0] AndroidManifest.xml:20:5-44
MERGED from [androidx.legacy:legacy-support-v4:1.0.0] AndroidManifest.xml:20:5-44
MERGED from [androidx.browser:browser:1.0.0] AndroidManifest.xml:20:5-44
MERGED from [androidx.browser:browser:1.0.0] AndroidManifest.xml:20:5-44
MERGED from [androidx.legacy:legacy-support-core-ui:1.0.0] AndroidManifest.xml:20:5-44
MERGED from [androidx.legacy:legacy-support-core-ui:1.0.0] AndroidManifest.xml:20:5-44
MERGED from [com.google.android.gms:play-services-iid:17.0.0] AndroidManifest.xml:20:5-44
MERGED from [com.google.android.gms:play-services-iid:17.0.0] AndroidManifest.xml:20:5-44
MERGED from [com.google.android.gms:play-services-stats:17.0.0] AndroidManifest.xml:5:5-44
MERGED from [com.google.android.gms:play-services-stats:17.0.0] AndroidManifest.xml:5:5-44
MERGED from [androidx.legacy:legacy-support-core-utils:1.0.0] AndroidManifest.xml:20:5-44
MERGED from [androidx.legacy:legacy-support-core-utils:1.0.0] AndroidManifest.xml:20:5-44
MERGED from [androidx.localbroadcastmanager:localbroadcastmanager:1.0.0] AndroidManifest.xml:20:5-44
MERGED from [androidx.localbroadcastmanager:localbroadcastmanager:1.0.0] AndroidManifest.xml:20:5-44
MERGED from [androidx.swiperefreshlayout:swiperefreshlayout:1.1.0] AndroidManifest.xml:20:5-22:41
MERGED from [androidx.swiperefreshlayout:swiperefreshlayout:1.1.0] AndroidManifest.xml:20:5-22:41
MERGED from [com.google.android.exoplayer:exoplayer-extractor:2.14.1] AndroidManifest.xml:20:5-22:41
MERGED from [com.google.android.exoplayer:exoplayer-extractor:2.14.1] AndroidManifest.xml:20:5-22:41
MERGED from [com.google.android.exoplayer:exoplayer-common:2.14.1] AndroidManifest.xml:20:5-22:41
MERGED from [com.google.android.exoplayer:exoplayer-common:2.14.1] AndroidManifest.xml:20:5-22:41
MERGED from [com.google.firebase:firebase-components:17.0.0] AndroidManifest.xml:19:5-21:41
MERGED from [com.google.firebase:firebase-components:17.0.0] AndroidManifest.xml:19:5-21:41
MERGED from [androidx.core:core-ktx:1.3.2] AndroidManifest.xml:5:5-7:41